2026-02-17 12:41:32,544 [INFO] uvicorn.error: Started server process [35588]
2026-02-17 12:41:32,544 [INFO] uvicorn.error: Waiting for application startup.
2026-02-17 12:41:49,650 [INFO] uvicorn.error: Application startup complete.
2026-02-17 12:41:49,650 [INFO] uvicorn.error: Uvicorn running on http://127.0.0.1:8013 (Press CTRL+C to quit)
2026-02-17 12:41:49,767 [INFO] uvicorn.access: 127.0.0.1:52382 - "GET /health HTTP/1.1" 200
Starting ChatICU API v1.0.0
Data source mode: db
RAG indexed: 2150 chunks from 44 documents
2026-02-17 12:41:49,794 INFO sqlalchemy.engine.Engine select pg_catalog.version()
2026-02-17 12:41:49,794 INFO sqlalchemy.engine.Engine [raw sql] ()
2026-02-17 12:41:49,795 INFO sqlalchemy.engine.Engine select current_schema()
2026-02-17 12:41:49,795 INFO sqlalchemy.engine.Engine [raw sql] ()
2026-02-17 12:41:49,795 INFO sqlalchemy.engine.Engine show standard_conforming_strings
2026-02-17 12:41:49,795 INFO sqlalchemy.engine.Engine [raw sql] ()
2026-02-17 12:41:49,796 INFO sqlalchemy.engine.Engine BEGIN (implicit)
2026-02-17 12:41:49,809 INFO sqlalchemy.engine.Engine SELECT users.id, users.name, users.username, users.password_hash, users.email, users.role, users.unit, users.active, users.last_login, users.password_changed_at, users.created_at 
FROM users 
WHERE users.username = $1::VARCHAR
2026-02-17 12:41:49,809 INFO sqlalchemy.engine.Engine [generated in 0.00010s] ('doctor',)
(trapped) error reading bcrypt version
Traceback (most recent call last):
  File "/Users/chun/Desktop/ChatICU_2026_verf_0110_Yu/backend/.venv312/lib/python3.12/site-packages/passlib/handlers/bcrypt.py", line 620, in _load_backend_mixin
    version = _bcrypt.__about__.__version__
              ^^^^^^^^^^^^^^^^^
AttributeError: module 'bcrypt' has no attribute '__about__'
2026-02-17 12:41:50,002 INFO sqlalchemy.engine.Engine UPDATE users SET last_login=$1::TIMESTAMP WITH TIME ZONE WHERE users.id = $2::VARCHAR
2026-02-17 12:41:50,002 INFO sqlalchemy.engine.Engine [generated in 0.00009s] (datetime.datetime(2026, 2, 17, 4, 41, 49, 999438, tzinfo=datetime.timezone.utc), 'usr_002')
2026-02-17 12:41:50,004 INFO sqlalchemy.engine.Engine INSERT INTO audit_logs (id, timestamp, user_id, user_name, role, action, target, status, ip, details) VALUES ($1::VARCHAR, $2::TIMESTAMP WITH TIME ZONE, $3::VARCHAR, $4::VARCHAR, $5::VARCHAR, $6::VARCHAR, $7::VARCHAR, $8::VARCHAR, $9::VARCHAR, $10::JSONB) RETURNING audit_logs.created_at
2026-02-17 12:41:50,004 INFO sqlalchemy.engine.Engine [generated in 0.00006s] ('audit_17fd9362a3ef', datetime.datetime(2026, 2, 17, 4, 41, 50, 1908, tzinfo=datetime.timezone.utc), 'usr_002', '李穎灝', 'doctor', '用戶登入', '系統', 'success', '127.0.0.1', 'null')
2026-02-17 12:41:50,005 [INFO] chaticu.audit: {"event": "audit", "ts": "2026-02-17T04:41:50.001908+00:00", "user_id": "usr_002", "user_name": "李穎灝", "role": "doctor", "action": "用戶登入", "target": "系統", "status": "success", "ip": "127.0.0.1", "details": null}
2026-02-17 12:41:50,005 INFO sqlalchemy.engine.Engine COMMIT
2026-02-17 12:41:50,006 [INFO] uvicorn.access: 127.0.0.1:52383 - "POST /auth/login HTTP/1.1" 200
2026-02-17 12:41:50,034 INFO sqlalchemy.engine.Engine BEGIN (implicit)
2026-02-17 12:41:50,034 INFO sqlalchemy.engine.Engine SELECT users.id, users.name, users.username, users.password_hash, users.email, users.role, users.unit, users.active, users.last_login, users.password_changed_at, users.created_at 
FROM users 
WHERE users.id = $1::VARCHAR
2026-02-17 12:41:50,034 INFO sqlalchemy.engine.Engine [generated in 0.00005s] ('usr_002',)
2026-02-17 12:41:50,036 INFO sqlalchemy.engine.Engine SELECT count(*) AS count_1 
FROM vital_signs 
WHERE vital_signs.patient_id = $1::VARCHAR
2026-02-17 12:41:50,036 INFO sqlalchemy.engine.Engine [generated in 0.00004s] ('pat_001',)
2026-02-17 12:41:50,037 INFO sqlalchemy.engine.Engine SELECT vital_signs.id, vital_signs.patient_id, vital_signs.timestamp, vital_signs.heart_rate, vital_signs.systolic_bp, vital_signs.diastolic_bp, vital_signs.mean_bp, vital_signs.respiratory_rate, vital_signs.spo2, vital_signs.temperature, vital_signs.reference_ranges, vital_signs.created_at 
FROM vital_signs 
WHERE vital_signs.patient_id = $1::VARCHAR ORDER BY vital_signs.timestamp DESC 
 LIMIT $2::INTEGER OFFSET $3::INTEGER
2026-02-17 12:41:50,037 INFO sqlalchemy.engine.Engine [generated in 0.00004s] ('pat_001', 5, 0)
2026-02-17 12:41:50,038 INFO sqlalchemy.engine.Engine COMMIT
2026-02-17 12:41:50,038 [INFO] uvicorn.access: 127.0.0.1:52386 - "GET /patients/pat_001/vital-signs/history?page=1&limit=5 HTTP/1.1" 200
2026-02-17 12:41:50,063 INFO sqlalchemy.engine.Engine BEGIN (implicit)
2026-02-17 12:41:50,063 INFO sqlalchemy.engine.Engine SELECT users.id, users.name, users.username, users.password_hash, users.email, users.role, users.unit, users.active, users.last_login, users.password_changed_at, users.created_at 
FROM users 
WHERE users.id = $1::VARCHAR
2026-02-17 12:41:50,063 INFO sqlalchemy.engine.Engine [cached since 0.02912s ago] ('usr_002',)
2026-02-17 12:41:50,064 INFO sqlalchemy.engine.Engine ROLLBACK
2026-02-17 12:41:50,064 [INFO] uvicorn.access: 127.0.0.1:52387 - "GET /patients/pat_001/vital-signs/history?startDate=2026-12-31&endDate=2026-01-01 HTTP/1.1" 400
2026-02-17 12:41:50,099 [INFO] uvicorn.error: Shutting down
2026-02-17 12:41:50,200 [INFO] uvicorn.error: Waiting for application shutdown.
2026-02-17 12:41:50,201 [INFO] uvicorn.error: Application shutdown complete.
2026-02-17 12:41:50,201 [INFO] uvicorn.error: Finished server process [35588]
