2026-02-17 12:42:26,819 INFO sqlalchemy.engine.Engine select pg_catalog.version()
2026-02-17 12:42:26,819 INFO sqlalchemy.engine.Engine [raw sql] ()
2026-02-17 12:42:26,820 INFO sqlalchemy.engine.Engine select current_schema()
2026-02-17 12:42:26,820 INFO sqlalchemy.engine.Engine [raw sql] ()
2026-02-17 12:42:26,821 INFO sqlalchemy.engine.Engine show standard_conforming_strings
2026-02-17 12:42:26,821 INFO sqlalchemy.engine.Engine [raw sql] ()
2026-02-17 12:42:26,821 INFO sqlalchemy.engine.Engine BEGIN (implicit)
2026-02-17 12:42:26,822 INFO sqlalchemy.engine.Engine SELECT vital_signs.id, vital_signs.patient_id, vital_signs.timestamp, vital_signs.heart_rate, vital_signs.systolic_bp, vital_signs.diastolic_bp, vital_signs.mean_bp, vital_signs.respiratory_rate, vital_signs.spo2, vital_signs.temperature, vital_signs.reference_ranges, vital_signs.created_at 
FROM vital_signs 
WHERE vital_signs.id = $1::VARCHAR
2026-02-17 12:42:26,823 INFO sqlalchemy.engine.Engine [generated in 0.00009s] ('vs_manual_20260217_a',)
2026-02-17 12:42:26,825 INFO sqlalchemy.engine.Engine INSERT INTO vital_signs (id, patient_id, timestamp, heart_rate, systolic_bp, diastolic_bp, mean_bp, respiratory_rate, spo2, temperature) VALUES ($1::VARCHAR, $2::VARCHAR, $3::TIMESTAMP WITH TIME ZONE, $4::INTEGER, $5::INTEGER, $6::INTEGER, $7::FLOAT, $8::INTEGER, $9::INTEGER, $10::FLOAT) RETURNING vital_signs.created_at
2026-02-17 12:42:26,825 INFO sqlalchemy.engine.Engine [generated in 0.00009s] ('vs_manual_20260217_a', 'pat_001', datetime.datetime(2026, 2, 16, 8, 0, tzinfo=datetime.timezone.utc), 86, 120, 70, 86.0, 18, 97, 36.8)
2026-02-17 12:42:26,827 INFO sqlalchemy.engine.Engine SELECT vital_signs.id, vital_signs.patient_id, vital_signs.timestamp, vital_signs.heart_rate, vital_signs.systolic_bp, vital_signs.diastolic_bp, vital_signs.mean_bp, vital_signs.respiratory_rate, vital_signs.spo2, vital_signs.temperature, vital_signs.reference_ranges, vital_signs.created_at 
FROM vital_signs 
WHERE vital_signs.id = $1::VARCHAR
2026-02-17 12:42:26,827 INFO sqlalchemy.engine.Engine [cached since 0.00497s ago] ('vs_manual_20260217_b',)
2026-02-17 12:42:26,828 INFO sqlalchemy.engine.Engine INSERT INTO vital_signs (id, patient_id, timestamp, heart_rate, systolic_bp, diastolic_bp, mean_bp, respiratory_rate, spo2, temperature) VALUES ($1::VARCHAR, $2::VARCHAR, $3::TIMESTAMP WITH TIME ZONE, $4::INTEGER, $5::INTEGER, $6::INTEGER, $7::FLOAT, $8::INTEGER, $9::INTEGER, $10::FLOAT) RETURNING vital_signs.created_at
2026-02-17 12:42:26,828 INFO sqlalchemy.engine.Engine [cached since 0.003278s ago] ('vs_manual_20260217_b', 'pat_001', datetime.datetime(2026, 2, 17, 8, 0, tzinfo=datetime.timezone.utc), 90, 124, 74, 90.0, 19, 98, 37.0)
2026-02-17 12:42:26,828 INFO sqlalchemy.engine.Engine COMMIT
seeded_manual_vitals_ok
