2026-02-17 12:30:03,508 [INFO] uvicorn.error: Started server process [30850]
2026-02-17 12:30:03,508 [INFO] uvicorn.error: Waiting for application startup.
2026-02-17 12:30:19,874 [INFO] uvicorn.error: Application startup complete.
2026-02-17 12:30:19,874 [INFO] uvicorn.error: Uvicorn running on http://127.0.0.1:8012 (Press CTRL+C to quit)
2026-02-17 12:30:20,277 [INFO] uvicorn.access: 127.0.0.1:52027 - "GET /health HTTP/1.1" 200
Starting ChatICU API v1.0.0
Data source mode: db
RAG indexed: 2150 chunks from 44 documents
2026-02-17 12:30:20,299 INFO sqlalchemy.engine.Engine select pg_catalog.version()
2026-02-17 12:30:20,299 INFO sqlalchemy.engine.Engine [raw sql] ()
2026-02-17 12:30:20,301 INFO sqlalchemy.engine.Engine select current_schema()
2026-02-17 12:30:20,301 INFO sqlalchemy.engine.Engine [raw sql] ()
2026-02-17 12:30:20,301 INFO sqlalchemy.engine.Engine show standard_conforming_strings
2026-02-17 12:30:20,301 INFO sqlalchemy.engine.Engine [raw sql] ()
2026-02-17 12:30:20,302 INFO sqlalchemy.engine.Engine BEGIN (implicit)
2026-02-17 12:30:20,316 INFO sqlalchemy.engine.Engine SELECT users.id, users.name, users.username, users.password_hash, users.email, users.role, users.unit, users.active, users.last_login, users.password_changed_at, users.created_at 
FROM users 
WHERE users.username = $1::VARCHAR
2026-02-17 12:30:20,316 INFO sqlalchemy.engine.Engine [generated in 0.00009s] ('doctor',)
(trapped) error reading bcrypt version
Traceback (most recent call last):
  File "/Users/chun/Desktop/ChatICU_2026_verf_0110_Yu/backend/.venv312/lib/python3.12/site-packages/passlib/handlers/bcrypt.py", line 620, in _load_backend_mixin
    version = _bcrypt.__about__.__version__
              ^^^^^^^^^^^^^^^^^
AttributeError: module 'bcrypt' has no attribute '__about__'
2026-02-17 12:30:20,510 INFO sqlalchemy.engine.Engine UPDATE users SET last_login=$1::TIMESTAMP WITH TIME ZONE WHERE users.id = $2::VARCHAR
2026-02-17 12:30:20,510 INFO sqlalchemy.engine.Engine [generated in 0.00006s] (datetime.datetime(2026, 2, 17, 4, 30, 20, 507492, tzinfo=datetime.timezone.utc), 'usr_002')
2026-02-17 12:30:20,512 INFO sqlalchemy.engine.Engine INSERT INTO audit_logs (id, timestamp, user_id, user_name, role, action, target, status, ip, details) VALUES ($1::VARCHAR, $2::TIMESTAMP WITH TIME ZONE, $3::VARCHAR, $4::VARCHAR, $5::VARCHAR, $6::VARCHAR, $7::VARCHAR, $8::VARCHAR, $9::VARCHAR, $10::JSONB) RETURNING audit_logs.created_at
2026-02-17 12:30:20,512 INFO sqlalchemy.engine.Engine [generated in 0.00005s] ('audit_6dd775422616', datetime.datetime(2026, 2, 17, 4, 30, 20, 509910, tzinfo=datetime.timezone.utc), 'usr_002', '李穎灝', 'doctor', '用戶登入', '系統', 'success', '127.0.0.1', 'null')
2026-02-17 12:30:20,514 [INFO] chaticu.audit: {"event": "audit", "ts": "2026-02-17T04:30:20.509910+00:00", "user_id": "usr_002", "user_name": "李穎灝", "role": "doctor", "action": "用戶登入", "target": "系統", "status": "success", "ip": "127.0.0.1", "details": null}
2026-02-17 12:30:20,514 INFO sqlalchemy.engine.Engine COMMIT
2026-02-17 12:30:20,515 [INFO] uvicorn.access: 127.0.0.1:52028 - "POST /auth/login HTTP/1.1" 200
2026-02-17 12:30:20,540 INFO sqlalchemy.engine.Engine BEGIN (implicit)
2026-02-17 12:30:20,540 INFO sqlalchemy.engine.Engine SELECT users.id, users.name, users.username, users.password_hash, users.email, users.role, users.unit, users.active, users.last_login, users.password_changed_at, users.created_at 
FROM users 
WHERE users.id = $1::VARCHAR
2026-02-17 12:30:20,540 INFO sqlalchemy.engine.Engine [generated in 0.00004s] ('usr_002',)
2026-02-17 12:30:20,542 INFO sqlalchemy.engine.Engine SELECT medications.id, medications.patient_id, medications.name, medications.generic_name, medications.category, medications.san_category, medications.dose, medications.unit, medications.frequency, medications.route, medications.prn, medications.indication, medications.start_date, medications.end_date, medications.status, medications.prescribed_by, medications.warnings, medications.created_at 
FROM medications 
WHERE medications.patient_id = $1::VARCHAR ORDER BY medications.name
2026-02-17 12:30:20,542 INFO sqlalchemy.engine.Engine [generated in 0.00005s] ('pat_001',)
2026-02-17 12:30:20,543 INFO sqlalchemy.engine.Engine SELECT drug_interactions.id, drug_interactions.drug1, drug_interactions.drug2, drug_interactions.severity, drug_interactions.mechanism, drug_interactions.clinical_effect, drug_interactions.management, drug_interactions."references" 
FROM drug_interactions 
WHERE drug_interactions.drug1 = $1::VARCHAR AND drug_interactions.drug2 = $2::VARCHAR OR drug_interactions.drug1 = $3::VARCHAR AND drug_interactions.drug2 = $4::VARCHAR
2026-02-17 12:30:20,543 INFO sqlalchemy.engine.Engine [generated in 0.00004s] ('Dormicum', 'Morphine', 'Morphine', 'Dormicum')
2026-02-17 12:30:20,545 INFO sqlalchemy.engine.Engine SELECT drug_interactions.id, drug_interactions.drug1, drug_interactions.drug2, drug_interactions.severity, drug_interactions.mechanism, drug_interactions.clinical_effect, drug_interactions.management, drug_interactions."references" 
FROM drug_interactions 
WHERE drug_interactions.drug1 = $1::VARCHAR AND drug_interactions.drug2 = $2::VARCHAR OR drug_interactions.drug1 = $3::VARCHAR AND drug_interactions.drug2 = $4::VARCHAR
2026-02-17 12:30:20,545 INFO sqlalchemy.engine.Engine [cached since 0.001699s ago] ('Dormicum', 'Vancomycin', 'Vancomycin', 'Dormicum')
2026-02-17 12:30:20,545 INFO sqlalchemy.engine.Engine SELECT drug_interactions.id, drug_interactions.drug1, drug_interactions.drug2, drug_interactions.severity, drug_interactions.mechanism, drug_interactions.clinical_effect, drug_interactions.management, drug_interactions."references" 
FROM drug_interactions 
WHERE drug_interactions.drug1 = $1::VARCHAR AND drug_interactions.drug2 = $2::VARCHAR OR drug_interactions.drug1 = $3::VARCHAR AND drug_interactions.drug2 = $4::VARCHAR
2026-02-17 12:30:20,545 INFO sqlalchemy.engine.Engine [cached since 0.002052s ago] ('Morphine', 'Vancomycin', 'Vancomycin', 'Morphine')
2026-02-17 12:30:20,546 INFO sqlalchemy.engine.Engine COMMIT
2026-02-17 12:30:20,546 [INFO] uvicorn.access: 127.0.0.1:52031 - "GET /patients/pat_001/medications HTTP/1.1" 200
2026-02-17 12:30:20,570 INFO sqlalchemy.engine.Engine BEGIN (implicit)
2026-02-17 12:30:20,570 INFO sqlalchemy.engine.Engine SELECT users.id, users.name, users.username, users.password_hash, users.email, users.role, users.unit, users.active, users.last_login, users.password_changed_at, users.created_at 
FROM users 
WHERE users.id = $1::VARCHAR
2026-02-17 12:30:20,570 INFO sqlalchemy.engine.Engine [cached since 0.03042s ago] ('usr_002',)
2026-02-17 12:30:20,571 INFO sqlalchemy.engine.Engine SELECT medications.id, medications.patient_id, medications.name, medications.generic_name, medications.category, medications.san_category, medications.dose, medications.unit, medications.frequency, medications.route, medications.prn, medications.indication, medications.start_date, medications.end_date, medications.status, medications.prescribed_by, medications.warnings, medications.created_at 
FROM medications 
WHERE medications.id = $1::VARCHAR AND medications.patient_id = $2::VARCHAR
2026-02-17 12:30:20,571 INFO sqlalchemy.engine.Engine [generated in 0.00004s] ('med_002', 'pat_001')
2026-02-17 12:30:20,572 INFO sqlalchemy.engine.Engine COMMIT
2026-02-17 12:30:20,572 [INFO] uvicorn.access: 127.0.0.1:52032 - "GET /patients/pat_001/medications/med_002 HTTP/1.1" 200
2026-02-17 12:30:20,578 INFO sqlalchemy.engine.Engine BEGIN (implicit)
2026-02-17 12:30:20,578 INFO sqlalchemy.engine.Engine SELECT users.id, users.name, users.username, users.password_hash, users.email, users.role, users.unit, users.active, users.last_login, users.password_changed_at, users.created_at 
FROM users 
WHERE users.id = $1::VARCHAR
2026-02-17 12:30:20,578 INFO sqlalchemy.engine.Engine [cached since 0.03858s ago] ('usr_002',)
2026-02-17 12:30:20,579 INFO sqlalchemy.engine.Engine SELECT medications.id, medications.patient_id, medications.name, medications.generic_name, medications.category, medications.san_category, medications.dose, medications.unit, medications.frequency, medications.route, medications.prn, medications.indication, medications.start_date, medications.end_date, medications.status, medications.prescribed_by, medications.warnings, medications.created_at 
FROM medications 
WHERE medications.id = $1::VARCHAR AND medications.patient_id = $2::VARCHAR
2026-02-17 12:30:20,579 INFO sqlalchemy.engine.Engine [cached since 0.007872s ago] ('med_002', 'pat_001')
2026-02-17 12:30:20,580 INFO sqlalchemy.engine.Engine COMMIT
2026-02-17 12:30:20,580 [INFO] uvicorn.access: 127.0.0.1:52033 - "GET /patients/pat_001/medications/med_002/administrations HTTP/1.1" 200
2026-02-17 12:30:20,604 INFO sqlalchemy.engine.Engine BEGIN (implicit)
2026-02-17 12:30:20,605 INFO sqlalchemy.engine.Engine SELECT users.id, users.name, users.username, users.password_hash, users.email, users.role, users.unit, users.active, users.last_login, users.password_changed_at, users.created_at 
FROM users 
WHERE users.id = $1::VARCHAR
2026-02-17 12:30:20,605 INFO sqlalchemy.engine.Engine [cached since 0.06474s ago] ('usr_002',)
2026-02-17 12:30:20,606 INFO sqlalchemy.engine.Engine SELECT medications.id, medications.patient_id, medications.name, medications.generic_name, medications.category, medications.san_category, medications.dose, medications.unit, medications.frequency, medications.route, medications.prn, medications.indication, medications.start_date, medications.end_date, medications.status, medications.prescribed_by, medications.warnings, medications.created_at 
FROM medications 
WHERE medications.id = $1::VARCHAR AND medications.patient_id = $2::VARCHAR
2026-02-17 12:30:20,606 INFO sqlalchemy.engine.Engine [cached since 0.03431s ago] ('med_002', 'pat_001')
2026-02-17 12:30:20,606 INFO sqlalchemy.engine.Engine INSERT INTO audit_logs (id, timestamp, user_id, user_name, role, action, target, status, ip, details) VALUES ($1::VARCHAR, $2::TIMESTAMP WITH TIME ZONE, $3::VARCHAR, $4::VARCHAR, $5::VARCHAR, $6::VARCHAR, $7::VARCHAR, $8::VARCHAR, $9::VARCHAR, $10::JSONB) RETURNING audit_logs.created_at
2026-02-17 12:30:20,606 INFO sqlalchemy.engine.Engine [cached since 0.09419s ago] ('audit_f5408965a594', datetime.datetime(2026, 2, 17, 4, 30, 20, 606509, tzinfo=datetime.timezone.utc), 'usr_002', '李穎灝', 'doctor', '記錄給藥', 'adm_med_002_1', 'success', '127.0.0.1', '{"medication_id": "med_002", "administration_id": "adm_med_002_1", "status": "held"}')
2026-02-17 12:30:20,607 [INFO] chaticu.audit: {"event": "audit", "ts": "2026-02-17T04:30:20.606509+00:00", "user_id": "usr_002", "user_name": "李穎灝", "role": "doctor", "action": "記錄給藥", "target": "adm_med_002_1", "status": "success", "ip": "127.0.0.1", "details": {"medication_id": "med_002", "administration_id": "adm_med_002_1", "status": "held"}}
2026-02-17 12:30:20,607 INFO sqlalchemy.engine.Engine COMMIT
2026-02-17 12:30:20,607 [INFO] uvicorn.access: 127.0.0.1:52034 - "PATCH /patients/pat_001/medications/med_002/administrations/adm_med_002_1 HTTP/1.1" 200
2026-02-17 12:30:20,613 INFO sqlalchemy.engine.Engine BEGIN (implicit)
2026-02-17 12:30:20,614 INFO sqlalchemy.engine.Engine SELECT users.id, users.name, users.username, users.password_hash, users.email, users.role, users.unit, users.active, users.last_login, users.password_changed_at, users.created_at 
FROM users 
WHERE users.id = $1::VARCHAR
2026-02-17 12:30:20,614 INFO sqlalchemy.engine.Engine [cached since 0.07374s ago] ('usr_002',)
2026-02-17 12:30:20,614 INFO sqlalchemy.engine.Engine SELECT medications.id, medications.patient_id, medications.name, medications.generic_name, medications.category, medications.san_category, medications.dose, medications.unit, medications.frequency, medications.route, medications.prn, medications.indication, medications.start_date, medications.end_date, medications.status, medications.prescribed_by, medications.warnings, medications.created_at 
FROM medications 
WHERE medications.id = $1::VARCHAR AND medications.patient_id = $2::VARCHAR
2026-02-17 12:30:20,614 INFO sqlalchemy.engine.Engine [cached since 0.04298s ago] ('med_002', 'pat_001')
2026-02-17 12:30:20,615 INFO sqlalchemy.engine.Engine COMMIT
2026-02-17 12:30:20,615 [INFO] uvicorn.access: 127.0.0.1:52035 - "GET /patients/pat_001/medications/med_002/administrations HTTP/1.1" 200
2026-02-17 12:30:20,707 [INFO] uvicorn.error: Shutting down
2026-02-17 12:30:20,809 [INFO] uvicorn.error: Waiting for application shutdown.
2026-02-17 12:30:20,810 [INFO] uvicorn.error: Application shutdown complete.
2026-02-17 12:30:20,810 [INFO] uvicorn.error: Finished server process [30850]
